<?xml version="1.0" encoding="UTF-8"?>
<!-- Generated by org.testng.reporters.JUnitReportReporter -->
<testsuite skipped="0" hostname="DESKTOP-O2AIMQJ" name="com.test.gmail.GmailTest" tests="1" failures="0" timestamp="2020-11-04T12:49:06 CET" time="34.642" errors="0">
  <testcase name="valid_SendingMail_SameEmail" time="34.642" classname="com.test.gmail.GmailTest"/>
  <system-out/>
</testsuite> <!-- com.test.gmail.GmailTest -->
